<?xml version="1.0" encoding="UTF-8" ?>
<testsuite errors="0" failures="0" hostname="home-PC" name="com.hfpp.network.node.AllTests" tests="43" time="71.148" timestamp="2013-08-29T14:34:14">
  <properties>
[...]
</properties>
  <testcase classname="com.hfpp.network.node.Demo" name="test_InitiateDataRequest" time="5.754" />
  <testcase classname="com.hfpp.network.node.Demo" name="test_InitiateGeneralServiceRequest" time="5.089" />
  <testcase classname="com.hfpp.network.node.Demo" name="test_DeliverAnalysisResult" time="5.082" />
  <testcase classname="com.hfpp.network.node.Demo" name="test_RespondToDataRequest" time="5.093" />
  <testcase classname="com.hfpp.network.node.httpservices.NetworkNodeHTTPServicesControllerUnitTests" name="testCtor" time="0.067" />
  <testcase classname="com.hfpp.network.node.httpservices.NetworkNodeHTTPServicesControllerUnitTests" name="test_initiateDataRequest" time="5.101" />
  <testcase classname="com.hfpp.network.node.httpservices.NetworkNodeHTTPServicesControllerUnitTests" name="test_initiateGeneralServiceRequest" time="5.11" />
  <testcase classname="com.hfpp.network.node.httpservices.NetworkNodeHTTPServicesControllerUnitTests" name="test_deliverAnalysisResult" time="5.096" />
  <testcase classname="com.hfpp.network.node.httpservices.NetworkNodeHTTPServicesControllerUnitTests" name="test_respondToDataRequest" time="5.099" />
  <testcase classname="com.hfpp.network.node.services.impl.DataExchangeServiceImplUnitTests" name="testCtor" time="0.01" />
  <testcase classname="com.hfpp.network.node.services.impl.DataExchangeServiceImplUnitTests" name="test_initiateDataRequest" time="5.16" />
  <testcase classname="com.hfpp.network.node.services.impl.DataExchangeServiceImplUnitTests" name="test_initiateGeneralServiceRequest" time="5.093" />
  <testcase classname="com.hfpp.network.node.services.impl.DataExchangeServiceImplUnitTests" name="test_deliverAnalysisResult" time="5.084" />
  <testcase classname="com.hfpp.network.node.services.impl.DataExchangeServiceImplUnitTests" name="test_respondToDataRequest" time="5.103" />
  <testcase classname="com.hfpp.network.node.messaging.AnalysisResultMessageListenerUnitTests" name="testCtor" time="0.134" />
  <testcase classname="com.hfpp.network.node.messaging.AnalysisResultMessageListenerUnitTests" name="test_onMessage" time="3.335" />
  <testcase classname="com.hfpp.network.node.messaging.DataRequestMessageListenerUnitTests" name="testCtor" time="0.0010" />
  <testcase classname="com.hfpp.network.node.messaging.DataRequestMessageListenerUnitTests" name="test_onMessage" time="1.742" />
  <testcase classname="com.hfpp.network.node.messaging.DataResponseMessageListenerUnitTests" name="testCtor" time="0.0" />
  <testcase classname="com.hfpp.network.node.messaging.DataResponseMessageListenerUnitTests" name="test_onMessage" time="2.132" />
  <testcase classname="com.hfpp.network.node.messaging.GenericForwardMessageListenerUnitTests" name="testCtor" time="0.0" />
  <testcase classname="com.hfpp.network.node.messaging.GenericForwardMessageListenerUnitTests" name="test_onMessage" time="1.778" />
  <testcase classname="com.hfpp.network.node.ConfigurationExceptionUnitTests" name="testInheritance" time="0.0" />
  <testcase classname="com.hfpp.network.node.ConfigurationExceptionUnitTests" name="testCtor1" time="0.0" />
  <testcase classname="com.hfpp.network.node.ConfigurationExceptionUnitTests" name="testCtor2" time="0.0" />
  <testcase classname="com.hfpp.network.node.services.NetworkNodeServiceExceptionUnitTests" name="testInheritance" time="0.0" />
  <testcase classname="com.hfpp.network.node.services.NetworkNodeServiceExceptionUnitTests" name="testCtor1" time="0.0" />
  <testcase classname="com.hfpp.network.node.services.NetworkNodeServiceExceptionUnitTests" name="testCtor2" time="0.0" />
  <testcase classname="com.hfpp.network.node.services.AuthenticationExceptionUnitTests" name="testInheritance" time="0.0" />
  <testcase classname="com.hfpp.network.node.services.AuthenticationExceptionUnitTests" name="testCtor1" time="0.0" />
  <testcase classname="com.hfpp.network.node.services.AuthenticationExceptionUnitTests" name="testCtor2" time="0.0" />
  <testcase classname="com.hfpp.network.node.services.AuthorizationExceptionUnitTests" name="testInheritance" time="0.0" />
  <testcase classname="com.hfpp.network.node.services.AuthorizationExceptionUnitTests" name="testCtor1" time="0.0" />
  <testcase classname="com.hfpp.network.node.services.AuthorizationExceptionUnitTests" name="testCtor2" time="0.0" />
  <testcase classname="com.hfpp.network.node.services.DataRequestExpiredExceptionUnitTests" name="testInheritance" time="0.0" />
  <testcase classname="com.hfpp.network.node.services.DataRequestExpiredExceptionUnitTests" name="testCtor1" time="0.0" />
  <testcase classname="com.hfpp.network.node.services.DataRequestExpiredExceptionUnitTests" name="testCtor2" time="0.0" />
  <testcase classname="com.hfpp.network.node.services.InsufficientParticipationRatioExceptionUnitTests" name="testInheritance" time="0.0010" />
  <testcase classname="com.hfpp.network.node.services.InsufficientParticipationRatioExceptionUnitTests" name="testCtor1" time="0.0" />
  <testcase classname="com.hfpp.network.node.services.InsufficientParticipationRatioExceptionUnitTests" name="testCtor2" time="0.0" />
  <testcase classname="com.hfpp.network.node.services.InvalidMessageExceptionUnitTests" name="testInheritance" time="0.0010" />
  <testcase classname="com.hfpp.network.node.services.InvalidMessageExceptionUnitTests" name="testCtor1" time="0.0" />
  <testcase classname="com.hfpp.network.node.services.InvalidMessageExceptionUnitTests" name="testCtor2" time="0.0" />
  <system-out><![CDATA[2013-08-29 22:34:35,435 - com.hfpp.network.node.httpservices.NetworkNodeHTTPServicesController - DEBUG - Entering method com.hfpp.network.node.httpservices.NetworkNodeHTTPServicesController.initiateDataRequest(@RequestHeader("x-hfpp-username") String username, @RequestHeader("x-hfpp-password") String password, @RequestBody String messageXML).
2013-08-29 22:34:35,435 - com.hfpp.network.node.httpservices.NetworkNodeHTTPServicesController - DEBUG - Input parameters: {username:user1, password:******, messageXML:<?xml version="1.0" encoding="utf-8"?>
<DataRequest>
    <RequestID>7a32ff98-a704-41e7-8cdf-059df6c2e8db</RequestID>
    <OriginalRequesterID>091f80d7-8ecb-429c-8f0b-caeaae18dcd8</OriginalRequesterID>
    <Query><![CDATA[ Query Text ]]]]><![CDATA[></Query>
    <RequestedPartners>
        <PartnerID>c72b0f04-82f9-432f-9bb0-6bea2364b162</PartnerID>
    </RequestedPartners>
    <ExpirationTime>2013-09-22T09:30:10-06:00</ExpirationTime>
</DataRequest>}.
2013-08-29 22:34:35,436 - com.hfpp.network.node.services.impl.DataExchangeServiceImpl - DEBUG - Entering method com.hfpp.network.node.services.impl.DataExchangeServiceImpl.initiateDataRequest(String username, String password, String messageXML).
2013-08-29 22:34:35,436 - com.hfpp.network.node.services.impl.DataExchangeServiceImpl - DEBUG - Input parameters: {username:user1, password:******, messageXML:<?xml version="1.0" encoding="utf-8"?>
<DataRequest>
    <RequestID>7a32ff98-a704-41e7-8cdf-059df6c2e8db</RequestID>
    <OriginalRequesterID>091f80d7-8ecb-429c-8f0b-caeaae18dcd8</OriginalRequesterID>
    <Query><![CDATA[ Query Text ]]]]><![CDATA[></Query>
    <RequestedPartners>
        <PartnerID>c72b0f04-82f9-432f-9bb0-6bea2364b162</PartnerID>
    </RequestedPartners>
    <ExpirationTime>2013-09-22T09:30:10-06:00</ExpirationTime>
</DataRequest>}.
2013-08-29 22:34:35,532 - com.hfpp.network.node.services.impl.DataExchangeServiceImpl - DEBUG - Exiting method com.hfpp.network.node.services.impl.DataExchangeServiceImpl.initiateDataRequest(String username, String password, String messageXML).
2013-08-29 22:34:35,532 - com.hfpp.network.node.services.impl.DataExchangeServiceImpl - DEBUG - Output parameter: <?xml version="1.0" encoding="utf-8"?>
<DataRequestAcknowledgement>
    <RequestID>7a32ff98-a704-41e7-8cdf-059df6c2e8db</RequestID>
    <Status>Accepted</Status>
</DataRequestAcknowledgement>
2013-08-29 22:34:35,532 - com.hfpp.network.node.httpservices.NetworkNodeHTTPServicesController - DEBUG - Exiting method com.hfpp.network.node.httpservices.NetworkNodeHTTPServicesController.initiateDataRequest(@RequestHeader("x-hfpp-username") String username, @RequestHeader("x-hfpp-password") String password, @RequestBody String messageXML).
2013-08-29 22:34:35,532 - com.hfpp.network.node.httpservices.NetworkNodeHTTPServicesController - DEBUG - Output parameter: <?xml version="1.0" encoding="utf-8"?>
<DataRequestAcknowledgement>
    <RequestID>7a32ff98-a704-41e7-8cdf-059df6c2e8db</RequestID>
    <Status>Accepted</Status>
</DataRequestAcknowledgement>
2013-08-29 22:34:40,549 - com.hfpp.network.node.httpservices.NetworkNodeHTTPServicesController - DEBUG - Entering method com.hfpp.network.node.httpservices.NetworkNodeHTTPServicesController.initiateGeneralServiceRequest(@RequestHeader("x-hfpp-username") String username, @RequestHeader("x-hfpp-password") String password, @RequestBody String messageXML).
2013-08-29 22:34:40,550 - com.hfpp.network.node.httpservices.NetworkNodeHTTPServicesController - DEBUG - Input parameters: {username:user1, password:******, messageXML:<?xml version="1.0" encoding="utf-8"?>
<PartnerListRequest>
    <OrganizationName>ABC</OrganizationName>
    <EligibleToReceiveDataRequest>true</EligibleToReceiveDataRequest>
    <EligibleToInitiateDataRequest>false</EligibleToInitiateDataRequest>
</PartnerListRequest>}.
2013-08-29 22:34:40,550 - com.hfpp.network.node.services.impl.DataExchangeServiceImpl - DEBUG - Entering method com.hfpp.network.node.services.impl.DataExchangeServiceImpl.initiateDataRequest(String username, String password, String messageXML).
2013-08-29 22:34:40,550 - com.hfpp.network.node.services.impl.DataExchangeServiceImpl - DEBUG - Input parameters: {username:user1, password:******, messageXML:<?xml version="1.0" encoding="utf-8"?>
<PartnerListRequest>
    <OrganizationName>ABC</OrganizationName>
    <EligibleToReceiveDataRequest>true</EligibleToReceiveDataRequest>
    <EligibleToInitiateDataRequest>false</EligibleToInitiateDataRequest>
</PartnerListRequest>}.
2013-08-29 22:34:40,632 - com.hfpp.network.node.services.impl.DataExchangeServiceImpl - DEBUG - Exiting method com.hfpp.network.node.services.impl.DataExchangeServiceImpl.initiateDataRequest(String username, String password, String messageXML).
2013-08-29 22:34:40,632 - com.hfpp.network.node.services.impl.DataExchangeServiceImpl - DEBUG - Output parameter: <?xml version="1.0" encoding="utf-8"?>
<PartnerList>
    <Status>Accepted</Status>
    <Partner>
        <PartnerID>7a32ff98-a704-41e7-8cdf-059df6c2e8db</PartnerID>
        <OrganizationName>ABCD Company</OrganizationName>
        <EligibleToReceiveDataRequest>true</EligibleToReceiveDataRequest>
        <EligibleToInitiateDataRequest>false</EligibleToInitiateDataRequest>
    </Partner>
</PartnerList>
2013-08-29 22:34:40,632 - com.hfpp.network.node.httpservices.NetworkNodeHTTPServicesController - DEBUG - Exiting method com.hfpp.network.node.httpservices.NetworkNodeHTTPServicesController.initiateGeneralServiceRequest(@RequestHeader("x-hfpp-username") String username, @RequestHeader("x-hfpp-password") String password, @RequestBody String messageXML).
2013-08-29 22:34:40,632 - com.hfpp.network.node.httpservices.NetworkNodeHTTPServicesController - DEBUG - Output parameter: <?xml version="1.0" encoding="utf-8"?>
<PartnerList>
    <Status>Accepted</Status>
    <Partner>
        <PartnerID>7a32ff98-a704-41e7-8cdf-059df6c2e8db</PartnerID>
        <OrganizationName>ABCD Company</OrganizationName>
        <EligibleToReceiveDataRequest>true</EligibleToReceiveDataRequest>
        <EligibleToInitiateDataRequest>false</EligibleToInitiateDataRequest>
    </Partner>
</PartnerList>
2013-08-29 22:34:45,660 - com.hfpp.network.node.httpservices.NetworkNodeHTTPServicesController - DEBUG - Entering method com.hfpp.network.node.httpservices.NetworkNodeHTTPServicesController.deliverAnalysisResult(@RequestHeader("x-hfpp-username") String username, @RequestHeader("x-hfpp-password") String password, @RequestBody String messageXML).
2013-08-29 22:34:45,660 - com.hfpp.network.node.httpservices.NetworkNodeHTTPServicesController - DEBUG - Input parameters: {username:user1, password:******, messageXML:<?xml version="1.0" encoding="utf-8"?>
<AnalysisResult>
    <RequestID>7a32ff98-a704-41e7-8cdf-059df6c2e8db</RequestID>
    <Result>
    <![CDATA[
        <!-- Just an example, specific format is unknown yet and the network doesn't really care about it -->
        <Study>
        </Study>
    ]]]]><![CDATA[>
    </Result>
</AnalysisResult>}.
2013-08-29 22:34:45,660 - com.hfpp.network.node.services.impl.DataExchangeServiceImpl - DEBUG - Entering method com.hfpp.network.node.services.impl.DataExchangeServiceImpl.initiateDataRequest(String username, String password, String messageXML).
2013-08-29 22:34:45,660 - com.hfpp.network.node.services.impl.DataExchangeServiceImpl - DEBUG - Input parameters: {username:user1, password:******, messageXML:<?xml version="1.0" encoding="utf-8"?>
<AnalysisResult>
    <RequestID>7a32ff98-a704-41e7-8cdf-059df6c2e8db</RequestID>
    <Result>
    <![CDATA[
        <!-- Just an example, specific format is unknown yet and the network doesn't really care about it -->
        <Study>
        </Study>
    ]]]]><![CDATA[>
    </Result>
</AnalysisResult>}.
2013-08-29 22:34:45,723 - com.hfpp.network.node.services.impl.DataExchangeServiceImpl - DEBUG - Exiting method com.hfpp.network.node.services.impl.DataExchangeServiceImpl.initiateDataRequest(String username, String password, String messageXML).
2013-08-29 22:34:45,724 - com.hfpp.network.node.services.impl.DataExchangeServiceImpl - DEBUG - Output parameter: <?xml version="1.0" encoding="utf-8"?>
<AnalysisResultAcknowledgement>
    <RequestID>7a32ff98-a704-41e7-8cdf-059df6c2e8db</RequestID>
    <Status>Accepted</Status>
</AnalysisResultAcknowledgement>
2013-08-29 22:34:45,724 - com.hfpp.network.node.httpservices.NetworkNodeHTTPServicesController - DEBUG - Exiting method com.hfpp.network.node.httpservices.NetworkNodeHTTPServicesController.deliverAnalysisResult(@RequestHeader("x-hfpp-username") String username, @RequestHeader("x-hfpp-password") String password, @RequestBody String messageXML).
2013-08-29 22:34:45,724 - com.hfpp.network.node.httpservices.NetworkNodeHTTPServicesController - DEBUG - Output parameter: <?xml version="1.0" encoding="utf-8"?>
<AnalysisResultAcknowledgement>
    <RequestID>7a32ff98-a704-41e7-8cdf-059df6c2e8db</RequestID>
    <Status>Accepted</Status>
</AnalysisResultAcknowledgement>
2013-08-29 22:34:50,756 - com.hfpp.network.node.httpservices.NetworkNodeHTTPServicesController - DEBUG - Entering method com.hfpp.network.node.httpservices.NetworkNodeHTTPServicesController.respondToDataRequest(@RequestHeader("x-hfpp-username") String username, @RequestHeader("x-hfpp-password") String password, @RequestBody String messageXML).
2013-08-29 22:34:50,756 - com.hfpp.network.node.httpservices.NetworkNodeHTTPServicesController - DEBUG - Input parameters: {username:user1, password:******, messageXML:<?xml version="1.0" encoding="utf-8"?>
<DataResponse>
    <RequestID>7a32ff98-a704-41e7-8cdf-059df6c2e8db</RequestID>
    <RequestDenied>false</RequestDenied>
    <Data useCache="false">
    <![CDATA[
        <!-- Just an example, specific format is unknown yet and the network doesn't really care about it -->
        <Claims>
            <Claim>
                <ID>12345</ID>
                <Amount>120</Amount>
            </Claim>
        </Claims>
    ]]]]><![CDATA[>
    </Data>
</DataResponse>}.
2013-08-29 22:34:50,756 - com.hfpp.network.node.services.impl.DataExchangeServiceImpl - DEBUG - Entering method com.hfpp.network.node.services.impl.DataExchangeServiceImpl.initiateDataRequest(String username, String password, String messageXML).
2013-08-29 22:34:50,756 - com.hfpp.network.node.services.impl.DataExchangeServiceImpl - DEBUG - Input parameters: {username:user1, password:******, messageXML:<?xml version="1.0" encoding="utf-8"?>
<DataResponse>
    <RequestID>7a32ff98-a704-41e7-8cdf-059df6c2e8db</RequestID>
    <RequestDenied>false</RequestDenied>
    <Data useCache="false">
    <![CDATA[
        <!-- Just an example, specific format is unknown yet and the network doesn't really care about it -->
        <Claims>
            <Claim>
                <ID>12345</ID>
                <Amount>120</Amount>
            </Claim>
        </Claims>
    ]]]]><![CDATA[>
    </Data>
</DataResponse>}.
2013-08-29 22:34:50,826 - com.hfpp.network.node.services.impl.DataExchangeServiceImpl - DEBUG - Exiting method com.hfpp.network.node.services.impl.DataExchangeServiceImpl.initiateDataRequest(String username, String password, String messageXML).
2013-08-29 22:34:50,826 - com.hfpp.network.node.services.impl.DataExchangeServiceImpl - DEBUG - Output parameter: <?xml version="1.0" encoding="utf-8"?>
<DataResponseAcknowledgement>
    <RequestID>7a32ff98-a704-41e7-8cdf-059df6c2e8db</RequestID>
    <Status>Accepted</Status>
</DataResponseAcknowledgement>
2013-08-29 22:34:50,826 - com.hfpp.network.node.httpservices.NetworkNodeHTTPServicesController - DEBUG - Exiting method com.hfpp.network.node.httpservices.NetworkNodeHTTPServicesController.respondToDataRequest(@RequestHeader("x-hfpp-username") String username, @RequestHeader("x-hfpp-password") String password, @RequestBody String messageXML).
2013-08-29 22:34:50,826 - com.hfpp.network.node.httpservices.NetworkNodeHTTPServicesController - DEBUG - Output parameter: <?xml version="1.0" encoding="utf-8"?>
<DataResponseAcknowledgement>
    <RequestID>7a32ff98-a704-41e7-8cdf-059df6c2e8db</RequestID>
    <Status>Accepted</Status>
</DataResponseAcknowledgement>
2013-08-29 22:34:55,875 - com.hfpp.network.node.services.impl.DataExchangeServiceImpl - DEBUG - Entering method com.hfpp.network.node.services.impl.DataExchangeServiceImpl.initiateDataRequest(String username, String password, String messageXML).
2013-08-29 22:34:55,876 - com.hfpp.network.node.services.impl.DataExchangeServiceImpl - DEBUG - Input parameters: {username:user1, password:******, messageXML:<?xml version="1.0" encoding="utf-8"?>
<DataRequest>
    <RequestID>7a32ff98-a704-41e7-8cdf-059df6c2e8db</RequestID>
    <OriginalRequesterID>091f80d7-8ecb-429c-8f0b-caeaae18dcd8</OriginalRequesterID>
    <Query><![CDATA[ Query Text ]]]]><![CDATA[></Query>
    <RequestedPartners>
        <PartnerID>c72b0f04-82f9-432f-9bb0-6bea2364b162</PartnerID>
    </RequestedPartners>
    <ExpirationTime>2013-09-22T09:30:10-06:00</ExpirationTime>
</DataRequest>}.
2013-08-29 22:34:56,009 - com.hfpp.network.node.services.impl.DataExchangeServiceImpl - DEBUG - Exiting method com.hfpp.network.node.services.impl.DataExchangeServiceImpl.initiateDataRequest(String username, String password, String messageXML).
2013-08-29 22:34:56,009 - com.hfpp.network.node.services.impl.DataExchangeServiceImpl - DEBUG - Output parameter: <?xml version="1.0" encoding="utf-8"?>
<DataRequestAcknowledgement>
    <RequestID>7a32ff98-a704-41e7-8cdf-059df6c2e8db</RequestID>
    <Status>Accepted</Status>
</DataRequestAcknowledgement>
2013-08-29 22:35:01,033 - com.hfpp.network.node.services.impl.DataExchangeServiceImpl - DEBUG - Entering method com.hfpp.network.node.services.impl.DataExchangeServiceImpl.initiateDataRequest(String username, String password, String messageXML).
2013-08-29 22:35:01,033 - com.hfpp.network.node.services.impl.DataExchangeServiceImpl - DEBUG - Input parameters: {username:user1, password:******, messageXML:<?xml version="1.0" encoding="utf-8"?>
<PartnerListRequest>
    <OrganizationName>ABC</OrganizationName>
    <EligibleToReceiveDataRequest>true</EligibleToReceiveDataRequest>
    <EligibleToInitiateDataRequest>false</EligibleToInitiateDataRequest>
</PartnerListRequest>}.
2013-08-29 22:35:01,091 - com.hfpp.network.node.services.impl.DataExchangeServiceImpl - DEBUG - Exiting method com.hfpp.network.node.services.impl.DataExchangeServiceImpl.initiateDataRequest(String username, String password, String messageXML).
2013-08-29 22:35:01,091 - com.hfpp.network.node.services.impl.DataExchangeServiceImpl - DEBUG - Output parameter: <?xml version="1.0" encoding="utf-8"?>
<PartnerList>
    <Status>Accepted</Status>
    <Partner>
        <PartnerID>7a32ff98-a704-41e7-8cdf-059df6c2e8db</PartnerID>
        <OrganizationName>ABCD Company</OrganizationName>
        <EligibleToReceiveDataRequest>true</EligibleToReceiveDataRequest>
        <EligibleToInitiateDataRequest>false</EligibleToInitiateDataRequest>
    </Partner>
</PartnerList>
2013-08-29 22:35:06,107 - com.hfpp.network.node.services.impl.DataExchangeServiceImpl - DEBUG - Entering method com.hfpp.network.node.services.impl.DataExchangeServiceImpl.initiateDataRequest(String username, String password, String messageXML).
2013-08-29 22:35:06,107 - com.hfpp.network.node.services.impl.DataExchangeServiceImpl - DEBUG - Input parameters: {username:user1, password:******, messageXML:<?xml version="1.0" encoding="utf-8"?>
<AnalysisResult>
    <RequestID>7a32ff98-a704-41e7-8cdf-059df6c2e8db</RequestID>
    <Result>
    <![CDATA[
        <!-- Just an example, specific format is unknown yet and the network doesn't really care about it -->
        <Study>
        </Study>
    ]]]]><![CDATA[>
    </Result>
</AnalysisResult>}.
2013-08-29 22:35:06,175 - com.hfpp.network.node.services.impl.DataExchangeServiceImpl - DEBUG - Exiting method com.hfpp.network.node.services.impl.DataExchangeServiceImpl.initiateDataRequest(String username, String password, String messageXML).
2013-08-29 22:35:06,175 - com.hfpp.network.node.services.impl.DataExchangeServiceImpl - DEBUG - Output parameter: <?xml version="1.0" encoding="utf-8"?>
<AnalysisResultAcknowledgement>
    <RequestID>7a32ff98-a704-41e7-8cdf-059df6c2e8db</RequestID>
    <Status>Accepted</Status>
</AnalysisResultAcknowledgement>
2013-08-29 22:35:11,201 - com.hfpp.network.node.services.impl.DataExchangeServiceImpl - DEBUG - Entering method com.hfpp.network.node.services.impl.DataExchangeServiceImpl.initiateDataRequest(String username, String password, String messageXML).
2013-08-29 22:35:11,201 - com.hfpp.network.node.services.impl.DataExchangeServiceImpl - DEBUG - Input parameters: {username:user1, password:******, messageXML:<?xml version="1.0" encoding="utf-8"?>
<DataResponse>
    <RequestID>7a32ff98-a704-41e7-8cdf-059df6c2e8db</RequestID>
    <RequestDenied>false</RequestDenied>
    <Data useCache="false">
    <![CDATA[
        <!-- Just an example, specific format is unknown yet and the network doesn't really care about it -->
        <Claims>
            <Claim>
                <ID>12345</ID>
                <Amount>120</Amount>
            </Claim>
        </Claims>
    ]]]]><![CDATA[>
    </Data>
</DataResponse>}.
2013-08-29 22:35:11,276 - com.hfpp.network.node.services.impl.DataExchangeServiceImpl - DEBUG - Exiting method com.hfpp.network.node.services.impl.DataExchangeServiceImpl.initiateDataRequest(String username, String password, String messageXML).
2013-08-29 22:35:11,276 - com.hfpp.network.node.services.impl.DataExchangeServiceImpl - DEBUG - Output parameter: <?xml version="1.0" encoding="utf-8"?>
<DataResponseAcknowledgement>
    <RequestID>7a32ff98-a704-41e7-8cdf-059df6c2e8db</RequestID>
    <Status>Accepted</Status>
</DataResponseAcknowledgement>
2013-08-29 22:35:16,416 - com.hfpp.network.node.messaging.GenericForwardMessageListener - DEBUG - Entering method com.hfpp.network.node.messaging.GenericForwardMessageListener.onMessage(Message message).
2013-08-29 22:35:16,418 - com.hfpp.network.node.messaging.GenericForwardMessageListener - DEBUG - Input parameters: {message:Mock for TextMessage, hashCode: 26400260}.
2013-08-29 22:35:19,734 - com.hfpp.network.node.messaging.GenericForwardMessageListener - DEBUG - Exiting method com.hfpp.network.node.messaging.GenericForwardMessageListener.onMessage(Message message).
2013-08-29 22:35:19,743 - com.hfpp.network.node.messaging.GenericForwardMessageListener - DEBUG - Entering method com.hfpp.network.node.messaging.GenericForwardMessageListener.onMessage(Message message).
2013-08-29 22:35:19,743 - com.hfpp.network.node.messaging.GenericForwardMessageListener - DEBUG - Input parameters: {message:Mock for TextMessage, hashCode: 17292542}.
2013-08-29 22:35:21,484 - com.hfpp.network.node.messaging.GenericForwardMessageListener - DEBUG - Exiting method com.hfpp.network.node.messaging.GenericForwardMessageListener.onMessage(Message message).
2013-08-29 22:35:21,487 - com.hfpp.network.node.messaging.GenericForwardMessageListener - DEBUG - Entering method com.hfpp.network.node.messaging.GenericForwardMessageListener.onMessage(Message message).
2013-08-29 22:35:21,488 - com.hfpp.network.node.messaging.GenericForwardMessageListener - DEBUG - Input parameters: {message:Mock for TextMessage, hashCode: 27059322}.
2013-08-29 22:35:23,618 - com.hfpp.network.node.messaging.GenericForwardMessageListener - DEBUG - Exiting method com.hfpp.network.node.messaging.GenericForwardMessageListener.onMessage(Message message).
2013-08-29 22:35:23,621 - com.hfpp.network.node.messaging.GenericForwardMessageListener - DEBUG - Entering method com.hfpp.network.node.messaging.GenericForwardMessageListener.onMessage(Message message).
2013-08-29 22:35:23,621 - com.hfpp.network.node.messaging.GenericForwardMessageListener - DEBUG - Input parameters: {message:Mock for TextMessage, hashCode: 11320634}.
2013-08-29 22:35:25,399 - com.hfpp.network.node.messaging.GenericForwardMessageListener - DEBUG - Exiting method com.hfpp.network.node.messaging.GenericForwardMessageListener.onMessage(Message message).
]]></system-out>
  <system-err><![CDATA[log4j:WARN No appenders could be found for logger (org.apache.qpid.jndi.PropertiesFileInitialContextFactory).
log4j:WARN Please initialize the log4j system properly.
log4j:WARN See http://logging.apache.org/log4j/1.2/faq.html#noconfig for more info.
]]></system-err>
</testsuite>
